2026/01/30 00:00:10 wazuh-monitord: INFO: Starting new log after rotation.
2026/01/30 00:44:10 wazuh-modulesd:syscollector: INFO: Starting evaluation.
2026/01/30 00:44:16 wazuh-modulesd:syscollector: INFO: Evaluation finished.
2026/01/30 01:44:34 wazuh-modulesd:syscollector: INFO: Starting evaluation.
2026/01/30 01:44:39 wazuh-modulesd:syscollector: INFO: Evaluation finished.
2026/01/30 02:41:01 wazuh-syscheckd: INFO: (6008): File integrity monitoring scan started.
2026/01/30 02:41:01 sca: INFO: Starting Security Configuration Assessment scan.
2026/01/30 02:41:01 sca: INFO: Starting evaluation of policy: '/var/ossec/ruleset/sca/cis_amazon_linux_2023.yml'
2026/01/30 02:41:01 wazuh-syscheckd: INFO: (6009): File integrity monitoring scan ended.
2026/01/30 02:41:08 sca: INFO: Evaluation finished for policy '/var/ossec/ruleset/sca/cis_amazon_linux_2023.yml'
2026/01/30 02:41:08 sca: INFO: Security Configuration Assessment scan finished. Duration: 7 seconds.
2026/01/30 02:41:31 rootcheck: INFO: Starting rootcheck scan.
2026/01/30 02:41:53 wazuh-syscheckd: INFO: netstat not available. Skipping port check.
2026/01/30 02:41:58 rootcheck: INFO: Ending rootcheck scan.
2026/01/30 02:44:57 wazuh-modulesd:syscollector: INFO: Starting evaluation.
2026/01/30 02:45:03 wazuh-modulesd:syscollector: INFO: Evaluation finished.
2026/01/30 03:45:22 wazuh-modulesd:syscollector: INFO: Starting evaluation.
2026/01/30 03:45:30 wazuh-modulesd:syscollector: INFO: Evaluation finished.
2026/01/30 04:45:50 wazuh-modulesd:syscollector: INFO: Starting evaluation.
2026/01/30 04:45:59 wazuh-modulesd:syscollector: INFO: Evaluation finished.
2026/01/30 05:46:20 wazuh-modulesd:syscollector: INFO: Starting evaluation.
2026/01/30 05:46:31 wazuh-modulesd:syscollector: INFO: Evaluation finished.
2026/01/30 06:46:52 wazuh-modulesd:syscollector: INFO: Starting evaluation.
2026/01/30 06:47:05 wazuh-modulesd:syscollector: INFO: Evaluation finished.
2026/01/30 07:47:27 wazuh-modulesd:syscollector: INFO: Starting evaluation.
2026/01/30 07:47:40 wazuh-modulesd:syscollector: INFO: Evaluation finished.
2026/01/30 08:48:03 wazuh-modulesd:syscollector: INFO: Starting evaluation.
2026/01/30 08:48:17 wazuh-modulesd:syscollector: INFO: Evaluation finished.
